<?xml version="1.0" encoding="UTF-8"?>
<!-- Generated by org.testng.reporters.JUnitReportReporter -->
<testsuite hostname="DESKTOP-MQ2EDC3" failures="0" tests="1" name="com.soaupui.test.MultipleTestCasesRunRest" time="3.081" errors="0" timestamp="22 Nov 2021 00:50:55 GMT">
  <testcase classname="com.soaupui.test.MultipleTestCasesRunRest" name="multipleRestTestCases" time="3.081"/>
</testsuite> <!-- com.soaupui.test.MultipleTestCasesRunRest -->
