<?xml version="1.0" encoding="UTF-8"?>
<!-- Generated by org.testng.reporters.JUnitReportReporter -->
<testsuite hostname="DESKTOP-MQ2EDC3" failures="0" tests="1" name="OnlyOneTestCaseRun" time="8.829" errors="0" timestamp="22 Nov 2021 00:12:26 GMT">
  <testcase classname="OnlyOneTestCaseRun" name="runningAddTestCase" time="8.829"/>
</testsuite> <!-- OnlyOneTestCaseRun -->
