<?xml version="1.0" encoding="UTF-8"?>
<!-- Generated by org.testng.reporters.JUnitReportReporter -->
<testsuite hostname="DESKTOP-MQ2EDC3" failures="0" tests="1" name="com.soaupui.test.restRunner" time="8.991" errors="0" timestamp="22 Nov 2021 00:50:55 GMT">
  <testcase classname="com.soaupui.test.restRunner" name="SoapTest" time="8.991"/>
</testsuite> <!-- com.soaupui.test.restRunner -->
