<?xml version="1.0" encoding="UTF-8"?>
<!-- Generated by org.testng.reporters.JUnitReportReporter -->
<testsuite hostname="DESKTOP-MQ2EDC3" failures="0" tests="1" name="restRunner" time="7.622" errors="0" timestamp="22 Nov 2021 00:00:01 GMT">
  <testcase classname="restRunner" name="SoapTest" time="7.622"/>
</testsuite> <!-- restRunner -->
